Analysis & Synthesis report for lab5
Thu Oct 12 18:05:30 2017
Quartus II 64-Bit Version 15.0.0 Build 145 04/22/2015 SJ Web Edition


---------------------
; Table of Contents ;
---------------------
  1. Legal Notice
  2. Analysis & Synthesis Summary
  3. Analysis & Synthesis Settings
  4. Parallel Compilation
  5. Analysis & Synthesis Source Files Read
  6. Analysis & Synthesis Resource Usage Summary
  7. Analysis & Synthesis Resource Utilization by Entity
  8. Registers Removed During Synthesis
  9. General Register Statistics
 10. Multiplexer Restructuring Statistics (Restructuring Performed)
 11. Parameter Settings for User Entity Instance: input_iface:IN|vDFF:DATA
 12. Parameter Settings for User Entity Instance: input_iface:IN|vDFF:CTRL
 13. Parameter Settings for User Entity Instance: datapath:DP|regfile:RF
 14. Parameter Settings for User Entity Instance: datapath:DP|regfile:RF|Dec:d1
 15. Parameter Settings for User Entity Instance: datapath:DP|regfile:RF|vDFFE:R0
 16. Parameter Settings for User Entity Instance: datapath:DP|regfile:RF|vDFFE:R1
 17. Parameter Settings for User Entity Instance: datapath:DP|regfile:RF|vDFFE:R2
 18. Parameter Settings for User Entity Instance: datapath:DP|regfile:RF|vDFFE:R3
 19. Parameter Settings for User Entity Instance: datapath:DP|regfile:RF|vDFFE:R4
 20. Parameter Settings for User Entity Instance: datapath:DP|regfile:RF|vDFFE:R5
 21. Parameter Settings for User Entity Instance: datapath:DP|regfile:RF|vDFFE:R6
 22. Parameter Settings for User Entity Instance: datapath:DP|regfile:RF|vDFFE:R7
 23. Parameter Settings for User Entity Instance: datapath:DP|regfile:RF|Dec:d2
 24. Parameter Settings for User Entity Instance: datapath:DP|regfile:RF|Mux8:M1
 25. Parameter Settings for User Entity Instance: datapath:DP|vDFFE:A
 26. Parameter Settings for User Entity Instance: datapath:DP|vDFFE:B
 27. Parameter Settings for User Entity Instance: datapath:DP|vDFFE:C
 28. Parameter Settings for User Entity Instance: datapath:DP|vDFFE:statusMod
 29. Port Connectivity Checks: "datapath:DP|vDFFE:statusMod"
 30. Port Connectivity Checks: "datapath:DP"
 31. Post-Synthesis Netlist Statistics for Top Partition
 32. Elapsed Time Per Partition
 33. Analysis & Synthesis Messages



----------------
; Legal Notice ;
----------------
Copyright (C) 1991-2015 Altera Corporation. All rights reserved.
Your use of Altera Corporation's design tools, logic functions 
and other software and tools, and its AMPP partner logic 
functions, and any output files from any of the foregoing 
(including device programming or simulation files), and any 
associated documentation or information are expressly subject 
to the terms and conditions of the Altera Program License 
Subscription Agreement, the Altera Quartus II License Agreement,
the Altera MegaCore Function License Agreement, or other 
applicable license agreement, including, without limitation, 
that your use is for the sole purpose of programming logic 
devices manufactured by Altera and sold by Altera or its 
authorized distributors.  Please refer to the applicable 
agreement for further details.



+------------------------------------------------------------------------------+
; Analysis & Synthesis Summary                                                 ;
+---------------------------------+--------------------------------------------+
; Analysis & Synthesis Status     ; Successful - Thu Oct 12 18:05:29 2017      ;
; Quartus II 64-Bit Version       ; 15.0.0 Build 145 04/22/2015 SJ Web Edition ;
; Revision Name                   ; lab5                                       ;
; Top-level Entity Name           ; lab5_top                                   ;
; Family                          ; Cyclone V                                  ;
; Logic utilization (in ALMs)     ; N/A                                        ;
; Total registers                 ; 194                                        ;
; Total pins                      ; 67                                         ;
; Total virtual pins              ; 0                                          ;
; Total block memory bits         ; 0                                          ;
; Total DSP Blocks                ; 0                                          ;
; Total HSSI RX PCSs              ; 0                                          ;
; Total HSSI PMA RX Deserializers ; 0                                          ;
; Total HSSI TX PCSs              ; 0                                          ;
; Total HSSI PMA TX Serializers   ; 0                                          ;
; Total PLLs                      ; 0                                          ;
; Total DLLs                      ; 0                                          ;
+---------------------------------+--------------------------------------------+


+---------------------------------------------------------------------------------------------------------------------------+
; Analysis & Synthesis Settings                                                                                             ;
+---------------------------------------------------------------------------------+--------------------+--------------------+
; Option                                                                          ; Setting            ; Default Value      ;
+---------------------------------------------------------------------------------+--------------------+--------------------+
; Device                                                                          ; 5CSEMA5F31C6       ;                    ;
; Top-level entity name                                                           ; lab5_top           ; lab5               ;
; Family name                                                                     ; Cyclone V          ; Cyclone V          ;
; Verilog Show LMF Mapping Messages                                               ; Off                ;                    ;
; Use smart compilation                                                           ; Off                ; Off                ;
; Enable parallel Assembler and TimeQuest Timing Analyzer during compilation      ; On                 ; On                 ;
; Enable compact report table                                                     ; Off                ; Off                ;
; Restructure Multiplexers                                                        ; Auto               ; Auto               ;
; MLAB Add Timing Constraints For Mixed-Port Feed-Through Mode Setting Don't Care ; Off                ; Off                ;
; Create Debugging Nodes for IP Cores                                             ; Off                ; Off                ;
; Preserve fewer node names                                                       ; On                 ; On                 ;
; Disable OpenCore Plus hardware evaluation                                       ; Off                ; Off                ;
; Verilog Version                                                                 ; Verilog_2001       ; Verilog_2001       ;
; VHDL Version                                                                    ; VHDL_1993          ; VHDL_1993          ;
; State Machine Processing                                                        ; Auto               ; Auto               ;
; Safe State Machine                                                              ; Off                ; Off                ;
; Extract Verilog State Machines                                                  ; On                 ; On                 ;
; Extract VHDL State Machines                                                     ; On                 ; On                 ;
; Ignore Verilog initial constructs                                               ; Off                ; Off                ;
; Iteration limit for constant Verilog loops                                      ; 5000               ; 5000               ;
; Iteration limit for non-constant Verilog loops                                  ; 250                ; 250                ;
; Add Pass-Through Logic to Inferred RAMs                                         ; On                 ; On                 ;
; Infer RAMs from Raw Logic                                                       ; On                 ; On                 ;
; Parallel Synthesis                                                              ; On                 ; On                 ;
; DSP Block Balancing                                                             ; Auto               ; Auto               ;
; NOT Gate Push-Back                                                              ; On                 ; On                 ;
; Power-Up Don't Care                                                             ; On                 ; On                 ;
; Remove Redundant Logic Cells                                                    ; Off                ; Off                ;
; Remove Duplicate Registers                                                      ; On                 ; On                 ;
; Ignore CARRY Buffers                                                            ; Off                ; Off                ;
; Ignore CASCADE Buffers                                                          ; Off                ; Off                ;
; Ignore GLOBAL Buffers                                                           ; Off                ; Off                ;
; Ignore ROW GLOBAL Buffers                                                       ; Off                ; Off                ;
; Ignore LCELL Buffers                                                            ; Off                ; Off                ;
; Ignore SOFT Buffers                                                             ; On                 ; On                 ;
; Limit AHDL Integers to 32 Bits                                                  ; Off                ; Off                ;
; Optimization Technique                                                          ; Balanced           ; Balanced           ;
; Carry Chain Length                                                              ; 70                 ; 70                 ;
; Auto Carry Chains                                                               ; On                 ; On                 ;
; Auto Open-Drain Pins                                                            ; On                 ; On                 ;
; Perform WYSIWYG Primitive Resynthesis                                           ; Off                ; Off                ;
; Auto ROM Replacement                                                            ; On                 ; On                 ;
; Auto RAM Replacement                                                            ; On                 ; On                 ;
; Auto DSP Block Replacement                                                      ; On                 ; On                 ;
; Auto Shift Register Replacement                                                 ; Auto               ; Auto               ;
; Allow Shift Register Merging across Hierarchies                                 ; Auto               ; Auto               ;
; Auto Clock Enable Replacement                                                   ; On                 ; On                 ;
; Strict RAM Replacement                                                          ; Off                ; Off                ;
; Allow Synchronous Control Signals                                               ; On                 ; On                 ;
; Force Use of Synchronous Clear Signals                                          ; Off                ; Off                ;
; Auto Resource Sharing                                                           ; Off                ; Off                ;
; Allow Any RAM Size For Recognition                                              ; Off                ; Off                ;
; Allow Any ROM Size For Recognition                                              ; Off                ; Off                ;
; Allow Any Shift Register Size For Recognition                                   ; Off                ; Off                ;
; Use LogicLock Constraints during Resource Balancing                             ; On                 ; On                 ;
; Ignore translate_off and synthesis_off directives                               ; Off                ; Off                ;
; Timing-Driven Synthesis                                                         ; On                 ; On                 ;
; Report Parameter Settings                                                       ; On                 ; On                 ;
; Report Source Assignments                                                       ; On                 ; On                 ;
; Report Connectivity Checks                                                      ; On                 ; On                 ;
; Ignore Maximum Fan-Out Assignments                                              ; Off                ; Off                ;
; Synchronization Register Chain Length                                           ; 3                  ; 3                  ;
; PowerPlay Power Optimization During Synthesis                                   ; Normal compilation ; Normal compilation ;
; HDL message level                                                               ; Level2             ; Level2             ;
; Suppress Register Optimization Related Messages                                 ; Off                ; Off                ;
; Number of Removed Registers Reported in Synthesis Report                        ; 5000               ; 5000               ;
; Number of Swept Nodes Reported in Synthesis Report                              ; 5000               ; 5000               ;
; Number of Inverted Registers Reported in Synthesis Report                       ; 100                ; 100                ;
; Clock MUX Protection                                                            ; On                 ; On                 ;
; Auto Gated Clock Conversion                                                     ; Off                ; Off                ;
; Block Design Naming                                                             ; Auto               ; Auto               ;
; SDC constraint protection                                                       ; Off                ; Off                ;
; Synthesis Effort                                                                ; Auto               ; Auto               ;
; Shift Register Replacement - Allow Asynchronous Clear Signal                    ; On                 ; On                 ;
; Pre-Mapping Resynthesis Optimization                                            ; Off                ; Off                ;
; Analysis & Synthesis Message Level                                              ; Medium             ; Medium             ;
; Disable Register Merging Across Hierarchies                                     ; Auto               ; Auto               ;
; Resource Aware Inference For Block RAM                                          ; On                 ; On                 ;
; Synthesis Seed                                                                  ; 1                  ; 1                  ;
; Automatic Parallel Synthesis                                                    ; On                 ; On                 ;
; Partial Reconfiguration Bitstream ID                                            ; Off                ; Off                ;
+---------------------------------------------------------------------------------+--------------------+--------------------+


Parallel compilation was disabled, but you have multiple processors available. Enable parallel compilation to reduce compilation time.
+-------------------------------------+
; Parallel Compilation                ;
+----------------------------+--------+
; Processors                 ; Number ;
+----------------------------+--------+
; Number detected on machine ; 4      ;
; Maximum allowed            ; 1      ;
+----------------------------+--------+


+------------------------------------------------------------------------------------------------------------------------------------------------------------+
; Analysis & Synthesis Source Files Read                                                                                                                     ;
+----------------------------------+-----------------+------------------------+--------------------------------------------------------------------+---------+
; File Name with User-Entered Path ; Used in Netlist ; File Type              ; File Name with Absolute Path                                       ; Library ;
+----------------------------------+-----------------+------------------------+--------------------------------------------------------------------+---------+
; shifter.v                        ; yes             ; User Verilog HDL File  ; C:/Users/Randy/Google Drive/School (UBC)/CPEN 211/Lab 5/shifter.v  ;         ;
; datapath.v                       ; yes             ; User Verilog HDL File  ; C:/Users/Randy/Google Drive/School (UBC)/CPEN 211/Lab 5/datapath.v ;         ;
; ALU.v                            ; yes             ; User Verilog HDL File  ; C:/Users/Randy/Google Drive/School (UBC)/CPEN 211/Lab 5/ALU.v      ;         ;
; regfile.v                        ; yes             ; User Verilog HDL File  ; C:/Users/Randy/Google Drive/School (UBC)/CPEN 211/Lab 5/regfile.v  ;         ;
; lab5_top.v                       ; yes             ; User Verilog HDL File  ; C:/Users/Randy/Google Drive/School (UBC)/CPEN 211/Lab 5/lab5_top.v ;         ;
+----------------------------------+-----------------+------------------------+--------------------------------------------------------------------+---------+


+------------------------------------------------------------+
; Analysis & Synthesis Resource Usage Summary                ;
+---------------------------------------------+--------------+
; Resource                                    ; Usage        ;
+---------------------------------------------+--------------+
; Estimate of Logic utilization (ALMs needed) ; 146          ;
;                                             ;              ;
; Combinational ALUT usage for logic          ; 207          ;
;     -- 7 input functions                    ; 0            ;
;     -- 6 input functions                    ; 34           ;
;     -- 5 input functions                    ; 51           ;
;     -- 4 input functions                    ; 72           ;
;     -- <=3 input functions                  ; 50           ;
;                                             ;              ;
; Dedicated logic registers                   ; 194          ;
;                                             ;              ;
; I/O pins                                    ; 67           ;
;                                             ;              ;
; Total DSP Blocks                            ; 0            ;
;                                             ;              ;
; Maximum fan-out node                        ; KEY[0]~input ;
; Maximum fan-out                             ; 177          ;
; Total fan-out                               ; 1586         ;
; Average fan-out                             ; 2.96         ;
+---------------------------------------------+--------------+


+---------------------------------------------------------------------------------------------------------------------------------------------------------------------------------+
; Analysis & Synthesis Resource Utilization by Entity                                                                                                                             ;
+----------------------------+-------------------+--------------+-------------------+------------+------+--------------+-------------------------------------------+--------------+
; Compilation Hierarchy Node ; LC Combinationals ; LC Registers ; Block Memory Bits ; DSP Blocks ; Pins ; Virtual Pins ; Full Hierarchy Name                       ; Library Name ;
+----------------------------+-------------------+--------------+-------------------+------------+------+--------------+-------------------------------------------+--------------+
; |lab5_top                  ; 207 (0)           ; 194 (0)      ; 0                 ; 0          ; 67   ; 0            ; |lab5_top                                 ; work         ;
;    |datapath:DP|           ; 170 (32)          ; 177 (0)      ; 0                 ; 0          ; 0    ; 0            ; |lab5_top|datapath:DP                     ; work         ;
;       |ALU:ALUmod|         ; 49 (49)           ; 0 (0)        ; 0                 ; 0          ; 0    ; 0            ; |lab5_top|datapath:DP|ALU:ALUmod          ; work         ;
;       |regfile:RF|         ; 77 (8)            ; 128 (0)      ; 0                 ; 0          ; 0    ; 0            ; |lab5_top|datapath:DP|regfile:RF          ; work         ;
;          |Dec:d2|          ; 5 (5)             ; 0 (0)        ; 0                 ; 0          ; 0    ; 0            ; |lab5_top|datapath:DP|regfile:RF|Dec:d2   ; work         ;
;          |Mux8:M1|         ; 64 (64)           ; 0 (0)        ; 0                 ; 0          ; 0    ; 0            ; |lab5_top|datapath:DP|regfile:RF|Mux8:M1  ; work         ;
;          |vDFFE:R0|        ; 0 (0)             ; 16 (16)      ; 0                 ; 0          ; 0    ; 0            ; |lab5_top|datapath:DP|regfile:RF|vDFFE:R0 ; work         ;
;          |vDFFE:R1|        ; 0 (0)             ; 16 (16)      ; 0                 ; 0          ; 0    ; 0            ; |lab5_top|datapath:DP|regfile:RF|vDFFE:R1 ; work         ;
;          |vDFFE:R2|        ; 0 (0)             ; 16 (16)      ; 0                 ; 0          ; 0    ; 0            ; |lab5_top|datapath:DP|regfile:RF|vDFFE:R2 ; work         ;
;          |vDFFE:R3|        ; 0 (0)             ; 16 (16)      ; 0                 ; 0          ; 0    ; 0            ; |lab5_top|datapath:DP|regfile:RF|vDFFE:R3 ; work         ;
;          |vDFFE:R4|        ; 0 (0)             ; 16 (16)      ; 0                 ; 0          ; 0    ; 0            ; |lab5_top|datapath:DP|regfile:RF|vDFFE:R4 ; work         ;
;          |vDFFE:R5|        ; 0 (0)             ; 16 (16)      ; 0                 ; 0          ; 0    ; 0            ; |lab5_top|datapath:DP|regfile:RF|vDFFE:R5 ; work         ;
;          |vDFFE:R6|        ; 0 (0)             ; 16 (16)      ; 0                 ; 0          ; 0    ; 0            ; |lab5_top|datapath:DP|regfile:RF|vDFFE:R6 ; work         ;
;          |vDFFE:R7|        ; 0 (0)             ; 16 (16)      ; 0                 ; 0          ; 0    ; 0            ; |lab5_top|datapath:DP|regfile:RF|vDFFE:R7 ; work         ;
;       |shifter:SHFT|       ; 2 (2)             ; 0 (0)        ; 0                 ; 0          ; 0    ; 0            ; |lab5_top|datapath:DP|shifter:SHFT        ; work         ;
;       |vDFFE:A|            ; 0 (0)             ; 16 (16)      ; 0                 ; 0          ; 0    ; 0            ; |lab5_top|datapath:DP|vDFFE:A             ; work         ;
;       |vDFFE:B|            ; 0 (0)             ; 16 (16)      ; 0                 ; 0          ; 0    ; 0            ; |lab5_top|datapath:DP|vDFFE:B             ; work         ;
;       |vDFFE:C|            ; 0 (0)             ; 16 (16)      ; 0                 ; 0          ; 0    ; 0            ; |lab5_top|datapath:DP|vDFFE:C             ; work         ;
;       |vDFFE:statusMod|    ; 10 (10)           ; 1 (1)        ; 0                 ; 0          ; 0    ; 0            ; |lab5_top|datapath:DP|vDFFE:statusMod     ; work         ;
;    |input_iface:IN|        ; 9 (9)             ; 17 (0)       ; 0                 ; 0          ; 0    ; 0            ; |lab5_top|input_iface:IN                  ; work         ;
;       |vDFF:CTRL|          ; 0 (0)             ; 9 (9)        ; 0                 ; 0          ; 0    ; 0            ; |lab5_top|input_iface:IN|vDFF:CTRL        ; work         ;
;       |vDFF:DATA|          ; 0 (0)             ; 8 (8)        ; 0                 ; 0          ; 0    ; 0            ; |lab5_top|input_iface:IN|vDFF:DATA        ; work         ;
;    |sseg:H0|               ; 7 (7)             ; 0 (0)        ; 0                 ; 0          ; 0    ; 0            ; |lab5_top|sseg:H0                         ; work         ;
;    |sseg:H1|               ; 7 (7)             ; 0 (0)        ; 0                 ; 0          ; 0    ; 0            ; |lab5_top|sseg:H1                         ; work         ;
;    |sseg:H2|               ; 7 (7)             ; 0 (0)        ; 0                 ; 0          ; 0    ; 0            ; |lab5_top|sseg:H2                         ; work         ;
;    |sseg:H3|               ; 7 (7)             ; 0 (0)        ; 0                 ; 0          ; 0    ; 0            ; |lab5_top|sseg:H3                         ; work         ;
+----------------------------+-------------------+--------------+-------------------+------------+------+--------------+-------------------------------------------+--------------+
Note: For table entries with two numbers listed, the numbers in parentheses indicate the number of resources of the given type used by the specific entity alone. The numbers listed outside of parentheses indicate the total resources of the given type used by the specific entity and all of its sub-entities in the hierarchy.


+--------------------------------------------------------------------------------+
; Registers Removed During Synthesis                                             ;
+---------------------------------------+----------------------------------------+
; Register name                         ; Reason for Removal                     ;
+---------------------------------------+----------------------------------------+
; input_iface:IN|vDFF:DATA|Q[8..15]     ; Stuck at GND due to stuck port data_in ;
; Total Number of Removed Registers = 8 ;                                        ;
+---------------------------------------+----------------------------------------+


+------------------------------------------------------+
; General Register Statistics                          ;
+----------------------------------------------+-------+
; Statistic                                    ; Value ;
+----------------------------------------------+-------+
; Total registers                              ; 194   ;
; Number of registers using Synchronous Clear  ; 0     ;
; Number of registers using Synchronous Load   ; 0     ;
; Number of registers using Asynchronous Clear ; 0     ;
; Number of registers using Asynchronous Load  ; 0     ;
; Number of registers using Clock Enable       ; 193   ;
; Number of registers using Preset             ; 0     ;
+----------------------------------------------+-------+


+-------------------------------------------------------------------------------------------------------------------------------------------------------+
; Multiplexer Restructuring Statistics (Restructuring Performed)                                                                                        ;
+--------------------+-----------+---------------+----------------------+------------------------+------------+-----------------------------------------+
; Multiplexer Inputs ; Bus Width ; Baseline Area ; Area if Restructured ; Saving if Restructured ; Registered ; Example Multiplexer Output              ;
+--------------------+-----------+---------------+----------------------+------------------------+------------+-----------------------------------------+
; 5:1                ; 16 bits   ; 48 LEs        ; 32 LEs               ; 16 LEs                 ; No         ; |lab5_top|datapath:DP|ALU:ALUmod|out[8] ;
; 6:1                ; 14 bits   ; 56 LEs        ; 28 LEs               ; 28 LEs                 ; No         ; |lab5_top|datapath:DP|bsel_ALU[1]       ;
+--------------------+-----------+---------------+----------------------+------------------------+------------+-----------------------------------------+


+-----------------------------------------------------------------------+
; Parameter Settings for User Entity Instance: input_iface:IN|vDFF:DATA ;
+----------------+-------+----------------------------------------------+
; Parameter Name ; Value ; Type                                         ;
+----------------+-------+----------------------------------------------+
; n              ; 16    ; Signed Integer                               ;
+----------------+-------+----------------------------------------------+
Note: In order to hide this table in the UI and the text report file, please set the "Show Parameter Settings in Synthesis Report" option in "Analysis and Synthesis Settings -> More Settings" to "Off".


+-----------------------------------------------------------------------+
; Parameter Settings for User Entity Instance: input_iface:IN|vDFF:CTRL ;
+----------------+-------+----------------------------------------------+
; Parameter Name ; Value ; Type                                         ;
+----------------+-------+----------------------------------------------+
; n              ; 9     ; Signed Integer                               ;
+----------------+-------+----------------------------------------------+
Note: In order to hide this table in the UI and the text report file, please set the "Show Parameter Settings in Synthesis Report" option in "Analysis and Synthesis Settings -> More Settings" to "Off".


+---------------------------------------------------------------------+
; Parameter Settings for User Entity Instance: datapath:DP|regfile:RF ;
+----------------+-------+--------------------------------------------+
; Parameter Name ; Value ; Type                                       ;
+----------------+-------+--------------------------------------------+
; n              ; 16    ; Signed Integer                             ;
; m              ; 3     ; Signed Integer                             ;
; j              ; 8     ; Signed Integer                             ;
+----------------+-------+--------------------------------------------+
Note: In order to hide this table in the UI and the text report file, please set the "Show Parameter Settings in Synthesis Report" option in "Analysis and Synthesis Settings -> More Settings" to "Off".


+----------------------------------------------------------------------------+
; Parameter Settings for User Entity Instance: datapath:DP|regfile:RF|Dec:d1 ;
+----------------+-------+---------------------------------------------------+
; Parameter Name ; Value ; Type                                              ;
+----------------+-------+---------------------------------------------------+
; n              ; 3     ; Signed Integer                                    ;
; m              ; 8     ; Signed Integer                                    ;
+----------------+-------+---------------------------------------------------+
Note: In order to hide this table in the UI and the text report file, please set the "Show Parameter Settings in Synthesis Report" option in "Analysis and Synthesis Settings -> More Settings" to "Off".


+------------------------------------------------------------------------------+
; Parameter Settings for User Entity Instance: datapath:DP|regfile:RF|vDFFE:R0 ;
+----------------+-------+-----------------------------------------------------+
; Parameter Name ; Value ; Type                                                ;
+----------------+-------+-----------------------------------------------------+
; n              ; 16    ; Signed Integer                                      ;
+----------------+-------+-----------------------------------------------------+
Note: In order to hide this table in the UI and the text report file, please set the "Show Parameter Settings in Synthesis Report" option in "Analysis and Synthesis Settings -> More Settings" to "Off".


+------------------------------------------------------------------------------+
; Parameter Settings for User Entity Instance: datapath:DP|regfile:RF|vDFFE:R1 ;
+----------------+-------+-----------------------------------------------------+
; Parameter Name ; Value ; Type                                                ;
+----------------+-------+-----------------------------------------------------+
; n              ; 16    ; Signed Integer                                      ;
+----------------+-------+-----------------------------------------------------+
Note: In order to hide this table in the UI and the text report file, please set the "Show Parameter Settings in Synthesis Report" option in "Analysis and Synthesis Settings -> More Settings" to "Off".


+------------------------------------------------------------------------------+
; Parameter Settings for User Entity Instance: datapath:DP|regfile:RF|vDFFE:R2 ;
+----------------+-------+-----------------------------------------------------+
; Parameter Name ; Value ; Type                                                ;
+----------------+-------+-----------------------------------------------------+
; n              ; 16    ; Signed Integer                                      ;
+----------------+-------+-----------------------------------------------------+
Note: In order to hide this table in the UI and the text report file, please set the "Show Parameter Settings in Synthesis Report" option in "Analysis and Synthesis Settings -> More Settings" to "Off".


+------------------------------------------------------------------------------+
; Parameter Settings for User Entity Instance: datapath:DP|regfile:RF|vDFFE:R3 ;
+----------------+-------+-----------------------------------------------------+
; Parameter Name ; Value ; Type                                                ;
+----------------+-------+-----------------------------------------------------+
; n              ; 16    ; Signed Integer                                      ;
+----------------+-------+-----------------------------------------------------+
Note: In order to hide this table in the UI and the text report file, please set the "Show Parameter Settings in Synthesis Report" option in "Analysis and Synthesis Settings -> More Settings" to "Off".


+------------------------------------------------------------------------------+
; Parameter Settings for User Entity Instance: datapath:DP|regfile:RF|vDFFE:R4 ;
+----------------+-------+-----------------------------------------------------+
; Parameter Name ; Value ; Type                                                ;
+----------------+-------+-----------------------------------------------------+
; n              ; 16    ; Signed Integer                                      ;
+----------------+-------+-----------------------------------------------------+
Note: In order to hide this table in the UI and the text report file, please set the "Show Parameter Settings in Synthesis Report" option in "Analysis and Synthesis Settings -> More Settings" to "Off".


+------------------------------------------------------------------------------+
; Parameter Settings for User Entity Instance: datapath:DP|regfile:RF|vDFFE:R5 ;
+----------------+-------+-----------------------------------------------------+
; Parameter Name ; Value ; Type                                                ;
+----------------+-------+-----------------------------------------------------+
; n              ; 16    ; Signed Integer                                      ;
+----------------+-------+-----------------------------------------------------+
Note: In order to hide this table in the UI and the text report file, please set the "Show Parameter Settings in Synthesis Report" option in "Analysis and Synthesis Settings -> More Settings" to "Off".


+------------------------------------------------------------------------------+
; Parameter Settings for User Entity Instance: datapath:DP|regfile:RF|vDFFE:R6 ;
+----------------+-------+-----------------------------------------------------+
; Parameter Name ; Value ; Type                                                ;
+----------------+-------+-----------------------------------------------------+
; n              ; 16    ; Signed Integer                                      ;
+----------------+-------+-----------------------------------------------------+
Note: In order to hide this table in the UI and the text report file, please set the "Show Parameter Settings in Synthesis Report" option in "Analysis and Synthesis Settings -> More Settings" to "Off".


+------------------------------------------------------------------------------+
; Parameter Settings for User Entity Instance: datapath:DP|regfile:RF|vDFFE:R7 ;
+----------------+-------+-----------------------------------------------------+
; Parameter Name ; Value ; Type                                                ;
+----------------+-------+-----------------------------------------------------+
; n              ; 16    ; Signed Integer                                      ;
+----------------+-------+-----------------------------------------------------+
Note: In order to hide this table in the UI and the text report file, please set the "Show Parameter Settings in Synthesis Report" option in "Analysis and Synthesis Settings -> More Settings" to "Off".


+----------------------------------------------------------------------------+
; Parameter Settings for User Entity Instance: datapath:DP|regfile:RF|Dec:d2 ;
+----------------+-------+---------------------------------------------------+
; Parameter Name ; Value ; Type                                              ;
+----------------+-------+---------------------------------------------------+
; n              ; 3     ; Signed Integer                                    ;
; m              ; 8     ; Signed Integer                                    ;
+----------------+-------+---------------------------------------------------+
Note: In order to hide this table in the UI and the text report file, please set the "Show Parameter Settings in Synthesis Report" option in "Analysis and Synthesis Settings -> More Settings" to "Off".


+-----------------------------------------------------------------------------+
; Parameter Settings for User Entity Instance: datapath:DP|regfile:RF|Mux8:M1 ;
+----------------+-------+----------------------------------------------------+
; Parameter Name ; Value ; Type                                               ;
+----------------+-------+----------------------------------------------------+
; k              ; 16    ; Signed Integer                                     ;
+----------------+-------+----------------------------------------------------+
Note: In order to hide this table in the UI and the text report file, please set the "Show Parameter Settings in Synthesis Report" option in "Analysis and Synthesis Settings -> More Settings" to "Off".


+------------------------------------------------------------------+
; Parameter Settings for User Entity Instance: datapath:DP|vDFFE:A ;
+----------------+-------+-----------------------------------------+
; Parameter Name ; Value ; Type                                    ;
+----------------+-------+-----------------------------------------+
; n              ; 16    ; Signed Integer                          ;
+----------------+-------+-----------------------------------------+
Note: In order to hide this table in the UI and the text report file, please set the "Show Parameter Settings in Synthesis Report" option in "Analysis and Synthesis Settings -> More Settings" to "Off".


+------------------------------------------------------------------+
; Parameter Settings for User Entity Instance: datapath:DP|vDFFE:B ;
+----------------+-------+-----------------------------------------+
; Parameter Name ; Value ; Type                                    ;
+----------------+-------+-----------------------------------------+
; n              ; 16    ; Signed Integer                          ;
+----------------+-------+-----------------------------------------+
Note: In order to hide this table in the UI and the text report file, please set the "Show Parameter Settings in Synthesis Report" option in "Analysis and Synthesis Settings -> More Settings" to "Off".


+------------------------------------------------------------------+
; Parameter Settings for User Entity Instance: datapath:DP|vDFFE:C ;
+----------------+-------+-----------------------------------------+
; Parameter Name ; Value ; Type                                    ;
+----------------+-------+-----------------------------------------+
; n              ; 16    ; Signed Integer                          ;
+----------------+-------+-----------------------------------------+
Note: In order to hide this table in the UI and the text report file, please set the "Show Parameter Settings in Synthesis Report" option in "Analysis and Synthesis Settings -> More Settings" to "Off".


+--------------------------------------------------------------------------+
; Parameter Settings for User Entity Instance: datapath:DP|vDFFE:statusMod ;
+----------------+-------+-------------------------------------------------+
; Parameter Name ; Value ; Type                                            ;
+----------------+-------+-------------------------------------------------+
; n              ; 16    ; Signed Integer                                  ;
+----------------+-------+-------------------------------------------------+
Note: In order to hide this table in the UI and the text report file, please set the "Show Parameter Settings in Synthesis Report" option in "Analysis and Synthesis Settings -> More Settings" to "Off".


+---------------------------------------------------------------------------------------------------------------------------------------------------------------------------------+
; Port Connectivity Checks: "datapath:DP|vDFFE:statusMod"                                                                                                                         ;
+---------+--------+----------+---------------------------------------------------------------------------------------------------------------------------------------------------+
; Port    ; Type   ; Severity ; Details                                                                                                                                           ;
+---------+--------+----------+---------------------------------------------------------------------------------------------------------------------------------------------------+
; data_in ; Input  ; Warning  ; Input port expression (1 bits) is smaller than the input port (16 bits) it drives.  Extra input bit(s) "data_in[15..1]" will be connected to GND. ;
; out     ; Output ; Warning  ; Output or bidir port (16 bits) is wider than the port expression (1 bits) it drives; bit(s) "out[15..1]" have no fanouts                          ;
+---------+--------+----------+---------------------------------------------------------------------------------------------------------------------------------------------------+


+--------------------------------------------------------------------------------------------------------------------------------------------------------------------------+
; Port Connectivity Checks: "datapath:DP"                                                                                                                                  ;
+--------+-------+----------+----------------------------------------------------------------------------------------------------------------------------------------------+
; Port   ; Type  ; Severity ; Details                                                                                                                                      ;
+--------+-------+----------+----------------------------------------------------------------------------------------------------------------------------------------------+
; aselin ; Input ; Warning  ; Declared by entity but not connected by instance. If a default value exists, it will be used.  Otherwise, the port will be connected to GND. ;
; bselin ; Input ; Warning  ; Declared by entity but not connected by instance. If a default value exists, it will be used.  Otherwise, the port will be connected to GND. ;
+--------+-------+----------+----------------------------------------------------------------------------------------------------------------------------------------------+


+-----------------------------------------------------+
; Post-Synthesis Netlist Statistics for Top Partition ;
+-----------------------+-----------------------------+
; Type                  ; Count                       ;
+-----------------------+-----------------------------+
; arriav_ff             ; 194                         ;
;     ENA               ; 193                         ;
;     plain             ; 1                           ;
; arriav_lcell_comb     ; 212                         ;
;     arith             ; 17                          ;
;         2 data inputs ; 1                           ;
;         5 data inputs ; 16                          ;
;     normal            ; 195                         ;
;         0 data inputs ; 1                           ;
;         1 data inputs ; 4                           ;
;         2 data inputs ; 12                          ;
;         3 data inputs ; 37                          ;
;         4 data inputs ; 72                          ;
;         5 data inputs ; 35                          ;
;         6 data inputs ; 34                          ;
; boundary_port         ; 67                          ;
;                       ;                             ;
; Max LUT depth         ; 5.50                        ;
; Average LUT depth     ; 2.70                        ;
+-----------------------+-----------------------------+


+-------------------------------+
; Elapsed Time Per Partition    ;
+----------------+--------------+
; Partition Name ; Elapsed Time ;
+----------------+--------------+
; Top            ; 00:00:04     ;
+----------------+--------------+


+-------------------------------+
; Analysis & Synthesis Messages ;
+-------------------------------+
Info: *******************************************************************
Info: Running Quartus II 64-Bit Analysis & Synthesis
    Info: Version 15.0.0 Build 145 04/22/2015 SJ Web Edition
    Info: Processing started: Thu Oct 12 18:04:22 2017
Info: Command: quartus_map --read_settings_files=on --write_settings_files=off lab5 -c lab5
Warning (20028): Parallel compilation is not licensed and has been disabled
Info (12021): Found 1 design units, including 1 entities, in source file shifter_tb.v
    Info (12023): Found entity 1: test_shifter
Info (12021): Found 1 design units, including 1 entities, in source file shifter.v
    Info (12023): Found entity 1: shifter
Info (12021): Found 1 design units, including 1 entities, in source file datapath_tb.v
    Info (12023): Found entity 1: datapath_tb
Info (12021): Found 1 design units, including 1 entities, in source file datapath.v
    Info (12023): Found entity 1: datapath
Info (12021): Found 1 design units, including 1 entities, in source file alu_tb.v
    Info (12023): Found entity 1: test_ALU
Info (12021): Found 1 design units, including 1 entities, in source file alu.v
    Info (12023): Found entity 1: ALU
Info (12021): Found 1 design units, including 1 entities, in source file regfile_tb.v
    Info (12023): Found entity 1: regfile_tb
Info (12021): Found 4 design units, including 4 entities, in source file regfile.v
    Info (12023): Found entity 1: regfile
    Info (12023): Found entity 2: Mux8
    Info (12023): Found entity 3: vDFFE
    Info (12023): Found entity 4: Dec
Info (12021): Found 4 design units, including 4 entities, in source file lab5_top.v
    Info (12023): Found entity 1: lab5_top
    Info (12023): Found entity 2: input_iface
    Info (12023): Found entity 3: vDFF
    Info (12023): Found entity 4: sseg
Info (12021): Found 1 design units, including 1 entities, in source file lab5_top_tb.sv
    Info (12023): Found entity 1: lab5_top_tb
Info (12127): Elaborating entity "lab5_top" for the top level hierarchy
Info (12128): Elaborating entity "input_iface" for hierarchy "input_iface:IN"
Info (12128): Elaborating entity "vDFF" for hierarchy "input_iface:IN|vDFF:DATA"
Info (12128): Elaborating entity "vDFF" for hierarchy "input_iface:IN|vDFF:CTRL"
Info (12128): Elaborating entity "datapath" for hierarchy "datapath:DP"
Info (12128): Elaborating entity "regfile" for hierarchy "datapath:DP|regfile:RF"
Info (12128): Elaborating entity "Dec" for hierarchy "datapath:DP|regfile:RF|Dec:d1"
Warning (10230): Verilog HDL assignment warning at regfile.v(66): truncated value with size 32 to match size of target (8)
Info (12128): Elaborating entity "vDFFE" for hierarchy "datapath:DP|regfile:RF|vDFFE:R0"
Info (12128): Elaborating entity "Mux8" for hierarchy "datapath:DP|regfile:RF|Mux8:M1"
Info (12128): Elaborating entity "shifter" for hierarchy "datapath:DP|shifter:SHFT"
Info (12128): Elaborating entity "ALU" for hierarchy "datapath:DP|ALU:ALUmod"
Info (12128): Elaborating entity "sseg" for hierarchy "sseg:H0"
Warning (12241): 2 hierarchies have connectivity warnings - see the Connectivity Checks report folder
Warning (13024): Output pins are stuck at VCC or GND
    Warning (13410): Pin "HEX4[0]" is stuck at VCC
    Warning (13410): Pin "HEX4[1]" is stuck at VCC
    Warning (13410): Pin "HEX4[2]" is stuck at VCC
    Warning (13410): Pin "HEX4[3]" is stuck at VCC
    Warning (13410): Pin "HEX4[4]" is stuck at VCC
    Warning (13410): Pin "HEX4[5]" is stuck at VCC
    Warning (13410): Pin "HEX4[6]" is stuck at VCC
    Warning (13410): Pin "HEX5[0]" is stuck at VCC
    Warning (13410): Pin "HEX5[1]" is stuck at VCC
    Warning (13410): Pin "HEX5[2]" is stuck at VCC
    Warning (13410): Pin "HEX5[3]" is stuck at VCC
    Warning (13410): Pin "HEX5[4]" is stuck at VCC
    Warning (13410): Pin "HEX5[5]" is stuck at VCC
    Warning (13410): Pin "HEX5[6]" is stuck at VCC
Info (286030): Timing-Driven Synthesis is running
Info (16010): Generating hard_block partition "hard_block:auto_generated_inst"
    Info (16011): Adding 0 node(s), including 0 DDIO, 0 PLL, 0 transceiver and 0 LCELL
Warning (21074): Design contains 3 input pin(s) that do not drive logic
    Warning (15610): No output dependent on input pin "KEY[1]"
    Warning (15610): No output dependent on input pin "KEY[2]"
    Warning (15610): No output dependent on input pin "KEY[3]"
Info (21057): Implemented 451 device resources after synthesis - the final resource count might be different
    Info (21058): Implemented 15 input pins
    Info (21059): Implemented 52 output pins
    Info (21061): Implemented 384 logic cells
Info: Quartus II 64-Bit Analysis & Synthesis was successful. 0 errors, 22 warnings
    Info: Peak virtual memory: 744 megabytes
    Info: Processing ended: Thu Oct 12 18:05:30 2017
    Info: Elapsed time: 00:01:08
    Info: Total CPU time (on all processors): 00:01:36


